<?xml version="1.0" encoding="UTF-8"?>
<!-- Generated by org.testng.reporters.JUnitReportReporter -->
<testsuite hostname="DESKTOP-J2Q457H" failures="0" tests="1" name="com.inetbanking.testCases.TC_AddCustomerTest_003" time="15.473" errors="0" timestamp="21 Sep 2021 11:39:31 GMT" skipped="0">
  <testcase classname="com.inetbanking.testCases.TC_AddCustomerTest_003" name="addNewCustomer" time="15.473"/>
</testsuite> <!-- com.inetbanking.testCases.TC_AddCustomerTest_003 -->
